[[1;34mINFO[m] Scanning for projects...
[[1;34mINFO[m] [1m------------------------------------------------------------------------[m
[[1;34mINFO[m] [1;31mBUILD FAILURE[m
[[1;34mINFO[m] [1m------------------------------------------------------------------------[m
[[1;34mINFO[m] Total time:  0.222 s
[[1;34mINFO[m] Finished at: 2025-02-02T20:57:30Z
[[1;34mINFO[m] [1m------------------------------------------------------------------------[m
[[1;31mERROR[m] Could not find goal 'run~' in plugin org.springframework.boot:spring-boot-maven-plugin:3.0.5 among available goals build-image, build-image-no-fork, build-info, help, process-aot, process-test-aot, repackage, run, start, stop -> [1m[Help 1][m
[[1;31mERROR[m] 
[[1;31mERROR[m] To see the full stack trace of the errors, re-run Maven with the [1m-e[m switch.
[[1;31mERROR[m] Re-run Maven using the [1m-X[m switch to enable full debug logging.
[[1;31mERROR[m] 
[[1;31mERROR[m] For more information about the errors and possible solutions, please read the following articles:
[[1;31mERROR[m] [1m[Help 1][m http://cwiki.apache.org/confluence/display/MAVEN/MojoNotFoundException
WARNING! You are using an unsupported Java runtime. 
* Please use Oracle(R) Java(TM) 11, OpenJDK(TM) 11 to run Neo4j.
* Please see https://neo4j.com/docs/ for Neo4j installation instructions.
Directories in use:
  home:         /var/lib/neo4j
  config:       /etc/neo4j
  logs:         /var/log/neo4j
  plugins:      /var/lib/neo4j/plugins
  import:       /var/lib/neo4j/import
  data:         /var/lib/neo4j/data
  certificates: /var/lib/neo4j/certificates
  run:          /var/run/neo4j
Starting Neo4j.
WARNING: Max 1024 open files allowed, minimum of 40000 recommended. See the Neo4j manual.
2025-02-09 11:22:34.365+0000 INFO  Starting...
2025-02-09 11:22:35.364+0000 INFO  ======== Neo4j 4.1.13 ========
2025-02-09 11:22:35.979+0000 INFO  Performing postInitialization step for component 'security-users' with version 2 and status CURRENT
2025-02-09 11:22:35.979+0000 INFO  Updating the initial password in component 'security-users'  
2025-02-09 11:22:36.073+0000 INFO  Bolt enabled on localhost:7687.
2025-02-09 11:22:36.715+0000 INFO  Remote interface available at http://localhost:7474/
2025-02-09 11:22:36.716+0000 INFO  Started.
2025-02-09 11:23:05.946+0000 INFO  Neo4j Server shutdown initiated by request
2025-02-09 11:23:05.946+0000 INFO  Stopping...
Exception in thread "Thread-0" java.lang.NoClassDefFoundError: Could not initialize class org.neo4j.internal.helpers.Exceptions
	at org.neo4j.kernel.lifecycle.LifeSupport.shutdown(LifeSupport.java:188)
	at org.neo4j.dbms.database.DatabaseManagementServiceImpl.shutdown(DatabaseManagementServiceImpl.java:131)
	at org.neo4j.server.NeoBootstrapper.doShutdown(NeoBootstrapper.java:226)
	at org.neo4j.server.NeoBootstrapper.lambda$addShutdownHook$1(NeoBootstrapper.java:244)
	at java.base/java.lang.Thread.run(Thread.java:840)
Caused by: java.lang.ExceptionInInitializerError: Exception java.lang.LinkageError: Could not get Throwable message field [in thread "Thread-0"]
	at org.neo4j.internal.helpers.Exceptions.<clinit>(Exceptions.java:239)
	at java.base/java.util.stream.ReduceOps$1ReducingSink.accept(ReduceOps.java:80)
	at java.base/java.util.stream.ReferencePipeline$3$1.accept(ReferencePipeline.java:197)
	at java.base/java.util.concurrent.ConcurrentHashMap$ValueSpliterator.forEachRemaining(ConcurrentHashMap.java:3612)
	at java.base/java.util.stream.AbstractPipeline.copyInto(AbstractPipeline.java:509)
	at java.base/java.util.stream.AbstractPipeline.wrapAndCopyInto(AbstractPipeline.java:499)
	at java.base/java.util.stream.ReduceOps$ReduceOp.evaluateSequential(ReduceOps.java:921)
	at java.base/java.util.stream.AbstractPipeline.evaluate(AbstractPipeline.java:234)
	at java.base/java.util.stream.ReferencePipeline.reduce(ReferencePipeline.java:657)
	at org.neo4j.kernel.impl.scheduler.ThreadPoolManager.shutDownAll(ThreadPoolManager.java:98)
	at org.neo4j.kernel.impl.scheduler.CentralJobScheduler.shutdown(CentralJobScheduler.java:215)
	at org.neo4j.kernel.lifecycle.LifeSupport$LifecycleInstance.shutdown(LifeSupport.java:508)
	at org.neo4j.kernel.lifecycle.LifeSupport.shutdown(LifeSupport.java:184)
	... 4 more
